# JRE version: OpenJDK Runtime Environment (11.0.10) (build 11.0.10+0-b96-7249189)
# Java VM: OpenJDK 64-Bit Server VM (11.0.10+0-b96-7249189, mixed mode, tiered, compressed oops, g1 gc, windows-amd64)
Heap:
 garbage-first heap   total 189440K, used 71195K [0x0000000080000000, 0x0000000100000000)
  region size 1024K, 21 young (21504K), 12 survivors (12288K)
 Metaspace       used 69495K, capacity 71053K, committed 71248K, reserved 1112064K
  class space    used 8833K, capacity 9444K, committed 9472K, reserved 1048576K
GC Heap History (20 events):
Event: 20.953 GC heap before
{Heap before GC invocations=12 (full 0):
 garbage-first heap   total 157696K, used 92221K [0x0000000080000000, 0x0000000100000000)
  region size 1024K, 74 young (75776K), 5 survivors (5120K)
 Metaspace       used 37798K, capacity 38734K, committed 38864K, reserved 1083392K
  class space    used 4848K, capacity 5181K, committed 5248K, reserved 1048576K
}
Event: 20.979 GC heap after
{Heap after GC invocations=13 (full 0):
 garbage-first heap   total 157696K, used 25171K [0x0000000080000000, 0x0000000100000000)
  region size 1024K, 8 young (8192K), 8 survivors (8192K)
 Metaspace       used 37798K, capacity 38734K, committed 38864K, reserved 1083392K
  class space    used 4848K, capacity 5181K, committed 5248K, reserved 1048576K
}
Event: 22.422 GC heap before
{Heap before GC invocations=13 (full 0):
 garbage-first heap   total 157696K, used 109139K [0x0000000080000000, 0x0000000100000000)
  region size 1024K, 80 young (81920K), 8 survivors (8192K)
 Metaspace       used 40492K, capacity 41441K, committed 41680K, reserved 1085440K
  class space    used 5135K, capacity 5485K, committed 5504K, reserved 1048576K
}
Event: 22.448 GC heap after
{Heap after GC invocations=14 (full 0):
 garbage-first heap   total 157696K, used 26962K [0x0000000080000000, 0x0000000100000000)
  region size 1024K, 7 young (7168K), 7 survivors (7168K)
 Metaspace       used 40492K, capacity 41441K, committed 41680K, reserved 1085440K
  class space    used 5135K, capacity 5485K, committed 5504K, reserved 1048576K
}
Event: 28.314 GC heap before
{Heap before GC invocations=14 (full 0):
 garbage-first heap   total 157696K, used 105810K [0x0000000080000000, 0x0000000100000000)
  region size 1024K, 82 young (83968K), 7 survivors (7168K)
 Metaspace       used 43610K, capacity 44640K, committed 44752K, reserved 1087488K
  class space    used 5514K, capacity 5912K, committed 6016K, reserved 1048576K
}
Event: 28.351 GC heap after
{Heap after GC invocations=15 (full 0):
 garbage-first heap   total 157696K, used 28211K [0x0000000080000000, 0x0000000100000000)
  region size 1024K, 7 young (7168K), 7 survivors (7168K)
 Metaspace       used 43610K, capacity 44640K, committed 44752K, reserved 1087488K
  class space    used 5514K, capacity 5912K, committed 6016K, reserved 1048576K
}
Event: 31.491 GC heap before
{Heap before GC invocations=15 (full 0):
 garbage-first heap   total 157696K, used 106035K [0x0000000080000000, 0x0000000100000000)
  region size 1024K, 83 young (84992K), 7 survivors (7168K)
 Metaspace       used 46517K, capacity 47704K, committed 47952K, reserved 1091584K
  class space    used 5944K, capacity 6364K, committed 6400K, reserved 1048576K
}
Event: 31.527 GC heap after
{Heap after GC invocations=16 (full 0):
 garbage-first heap   total 189440K, used 29357K [0x0000000080000000, 0x0000000100000000)
  region size 1024K, 7 young (7168K), 7 survivors (7168K)
 Metaspace       used 46517K, capacity 47704K, committed 47952K, reserved 1091584K
  class space    used 5944K, capacity 6364K, committed 6400K, reserved 1048576K
}
Event: 49.950 GC heap before
{Heap before GC invocations=16 (full 0):
 garbage-first heap   total 189440K, used 143021K [0x0000000080000000, 0x0000000100000000)
  region size 1024K, 111 young (113664K), 7 survivors (7168K)
 Metaspace       used 50071K, capacity 51416K, committed 51536K, reserved 1093632K
  class space    used 6349K, capacity 6844K, committed 6912K, reserved 1048576K
}
Event: 50.001 GC heap after
{Heap after GC invocations=17 (full 0):
 garbage-first heap   total 189440K, used 49385K [0x0000000080000000, 0x0000000100000000)
  region size 1024K, 14 young (14336K), 14 survivors (14336K)
 Metaspace       used 50071K, capacity 51416K, committed 51536K, reserved 1093632K
  class space    used 6349K, capacity 6844K, committed 6912K, reserved 1048576K
}
Event: 55.969 GC heap before
{Heap before GC invocations=17 (full 0):
 garbage-first heap   total 189440K, used 139497K [0x0000000080000000, 0x0000000100000000)
  region size 1024K, 102 young (104448K), 14 survivors (14336K)
 Metaspace       used 54849K, capacity 56258K, committed 56528K, reserved 1097728K
  class space    used 6925K, capacity 7459K, committed 7552K, reserved 1048576K
}
Event: 56.000 GC heap after
{Heap after GC invocations=18 (full 0):
 garbage-first heap   total 189440K, used 52402K [0x0000000080000000, 0x0000000100000000)
  region size 1024K, 3 young (3072K), 3 survivors (3072K)
 Metaspace       used 54849K, capacity 56258K, committed 56528K, reserved 1097728K
  class space    used 6925K, capacity 7459K, committed 7552K, reserved 1048576K
}
Event: 62.020 GC heap before
{Heap before GC invocations=18 (full 0):
 garbage-first heap   total 189440K, used 124082K [0x0000000080000000, 0x0000000100000000)
  region size 1024K, 74 young (75776K), 3 survivors (3072K)
 Metaspace       used 58664K, capacity 60036K, committed 60240K, reserved 1101824K
  class space    used 7410K, capacity 7912K, committed 7936K, reserved 1048576K
}
Event: 62.045 GC heap after
{Heap after GC invocations=19 (full 0):
 garbage-first heap   total 189440K, used 52249K [0x0000000080000000, 0x0000000100000000)
  region size 1024K, 3 young (3072K), 3 survivors (3072K)
 Metaspace       used 58664K, capacity 60036K, committed 60240K, reserved 1101824K
  class space    used 7410K, capacity 7912K, committed 7936K, reserved 1048576K
}
Event: 65.017 GC heap before
{Heap before GC invocations=20 (full 0):
 garbage-first heap   total 189440K, used 143385K [0x0000000080000000, 0x0000000100000000)
  region size 1024K, 93 young (95232K), 3 survivors (3072K)
 Metaspace       used 62780K, capacity 64324K, committed 64464K, reserved 1105920K
  class space    used 7906K, capacity 8487K, committed 8576K, reserved 1048576K
}
Event: 65.040 GC heap after
{Heap after GC invocations=21 (full 0):
 garbage-first heap   total 189440K, used 55735K [0x0000000080000000, 0x0000000100000000)
  region size 1024K, 7 young (7168K), 7 survivors (7168K)
 Metaspace       used 62780K, capacity 64324K, committed 64464K, reserved 1105920K
  class space    used 7906K, capacity 8487K, committed 8576K, reserved 1048576K
}
Event: 69.552 GC heap before
{Heap before GC invocations=21 (full 0):
 garbage-first heap   total 189440K, used 147895K [0x0000000080000000, 0x0000000100000000)
  region size 1024K, 96 young (98304K), 7 survivors (7168K)
 Metaspace       used 66424K, capacity 67896K, committed 68048K, reserved 1107968K
  class space    used 8369K, capacity 8967K, committed 9088K, reserved 1048576K
}
Event: 69.572 GC heap after
{Heap after GC invocations=22 (full 0):
 garbage-first heap   total 189440K, used 58024K [0x0000000080000000, 0x0000000100000000)
  region size 1024K, 9 young (9216K), 9 survivors (9216K)
 Metaspace       used 66424K, capacity 67896K, committed 68048K, reserved 1107968K
  class space    used 8369K, capacity 8967K, committed 9088K, reserved 1048576K
}
Event: 71.037 GC heap before
{Heap before GC invocations=22 (full 0):
 garbage-first heap   total 189440K, used 150184K [0x0000000080000000, 0x0000000100000000)
  region size 1024K, 99 young (101376K), 9 survivors (9216K)
 Metaspace       used 69095K, capacity 70719K, committed 70992K, reserved 1112064K
  class space    used 8760K, capacity 9374K, committed 9472K, reserved 1048576K
}
Event: 71.069 GC heap after
{Heap after GC invocations=23 (full 0):
 garbage-first heap   total 189440K, used 63003K [0x0000000080000000, 0x0000000100000000)
  region size 1024K, 12 young (12288K), 12 survivors (12288K)
 Metaspace       used 69095K, capacity 70719K, committed 70992K, reserved 1112064K
  class space    used 8760K, capacity 9374K, committed 9472K, reserved 1048576K
}

