# JRE version: OpenJDK Runtime Environment (11.0.10) (build 11.0.10+0-b96-7249189)
# Java VM: OpenJDK 64-Bit Server VM (11.0.10+0-b96-7249189, mixed mode, tiered, compressed oops, g1 gc, windows-amd64)
Heap:
 garbage-first heap   total 273408K, used 177209K [0x0000000080000000, 0x0000000100000000)
  region size 1024K, 68 young (69632K), 10 survivors (10240K)
 Metaspace       used 105324K, capacity 107712K, committed 107984K, reserved 1142784K
  class space    used 13383K, capacity 14344K, committed 14464K, reserved 1048576K
GC Heap History (20 events):
Event: 213.337 GC heap before
{Heap before GC invocations=59 (full 0):
 garbage-first heap   total 189440K, used 138366K [0x0000000080000000, 0x0000000100000000)
  region size 1024K, 38 young (38912K), 2 survivors (2048K)
 Metaspace       used 92166K, capacity 94151K, committed 94288K, reserved 1130496K
  class space    used 11741K, capacity 12535K, committed 12544K, reserved 1048576K
}
Event: 213.365 GC heap after
{Heap after GC invocations=60 (full 0):
 garbage-first heap   total 189440K, used 103870K [0x0000000080000000, 0x0000000100000000)
  region size 1024K, 4 young (4096K), 4 survivors (4096K)
 Metaspace       used 92166K, capacity 94151K, committed 94288K, reserved 1130496K
  class space    used 11741K, capacity 12535K, committed 12544K, reserved 1048576K
}
Event: 216.146 GC heap before
{Heap before GC invocations=61 (full 0):
 garbage-first heap   total 189440K, used 135614K [0x0000000080000000, 0x0000000100000000)
  region size 1024K, 41 young (41984K), 4 survivors (4096K)
 Metaspace       used 92188K, capacity 94202K, committed 94288K, reserved 1130496K
  class space    used 11741K, capacity 12530K, committed 12544K, reserved 1048576K
}
Event: 216.183 GC heap after
{Heap after GC invocations=62 (full 0):
 garbage-first heap   total 189440K, used 100155K [0x0000000080000000, 0x0000000100000000)
  region size 1024K, 6 young (6144K), 6 survivors (6144K)
 Metaspace       used 92188K, capacity 94202K, committed 94288K, reserved 1130496K
  class space    used 11741K, capacity 12530K, committed 12544K, reserved 1048576K
}
Event: 216.247 GC heap before
{Heap before GC invocations=62 (full 0):
 garbage-first heap   total 189440K, used 103227K [0x0000000080000000, 0x0000000100000000)
  region size 1024K, 9 young (9216K), 6 survivors (6144K)
 Metaspace       used 92188K, capacity 94202K, committed 94288K, reserved 1130496K
  class space    used 11741K, capacity 12530K, committed 12544K, reserved 1048576K
}
Event: 216.281 GC heap after
{Heap after GC invocations=63 (full 0):
 garbage-first heap   total 227328K, used 96720K [0x0000000080000000, 0x0000000100000000)
  region size 1024K, 1 young (1024K), 1 survivors (1024K)
 Metaspace       used 92188K, capacity 94202K, committed 94288K, reserved 1130496K
  class space    used 11741K, capacity 12530K, committed 12544K, reserved 1048576K
}
Event: 219.299 GC heap before
{Heap before GC invocations=63 (full 0):
 garbage-first heap   total 227328K, used 156112K [0x0000000080000000, 0x0000000100000000)
  region size 1024K, 60 young (61440K), 1 survivors (1024K)
 Metaspace       used 93799K, capacity 95881K, committed 96080K, reserved 1132544K
  class space    used 11963K, capacity 12769K, committed 12800K, reserved 1048576K
}
Event: 219.325 GC heap after
{Heap after GC invocations=64 (full 0):
 garbage-first heap   total 227328K, used 98429K [0x0000000080000000, 0x0000000100000000)
  region size 1024K, 3 young (3072K), 3 survivors (3072K)
 Metaspace       used 93799K, capacity 95881K, committed 96080K, reserved 1132544K
  class space    used 11963K, capacity 12769K, committed 12800K, reserved 1048576K
}
Event: 222.237 GC heap before
{Heap before GC invocations=64 (full 0):
 garbage-first heap   total 227328K, used 159869K [0x0000000080000000, 0x0000000100000000)
  region size 1024K, 64 young (65536K), 3 survivors (3072K)
 Metaspace       used 95350K, capacity 97354K, committed 97616K, reserved 1134592K
  class space    used 12159K, capacity 12961K, committed 13056K, reserved 1048576K
}
Event: 222.267 GC heap after
{Heap after GC invocations=65 (full 0):
 garbage-first heap   total 227328K, used 100490K [0x0000000080000000, 0x0000000100000000)
  region size 1024K, 5 young (5120K), 5 survivors (5120K)
 Metaspace       used 95350K, capacity 97354K, committed 97616K, reserved 1134592K
  class space    used 12159K, capacity 12961K, committed 13056K, reserved 1048576K
}
Event: 231.381 GC heap before
{Heap before GC invocations=65 (full 0):
 garbage-first heap   total 227328K, used 165002K [0x0000000080000000, 0x0000000100000000)
  region size 1024K, 69 young (70656K), 5 survivors (5120K)
 Metaspace       used 96245K, capacity 98305K, committed 98384K, reserved 1134592K
  class space    used 12237K, capacity 13042K, committed 13056K, reserved 1048576K
}
Event: 231.429 GC heap after
{Heap after GC invocations=66 (full 0):
 garbage-first heap   total 227328K, used 104287K [0x0000000080000000, 0x0000000100000000)
  region size 1024K, 9 young (9216K), 9 survivors (9216K)
 Metaspace       used 96245K, capacity 98305K, committed 98384K, reserved 1134592K
  class space    used 12237K, capacity 13042K, committed 13056K, reserved 1048576K
}
Event: 243.054 GC heap before
{Heap before GC invocations=66 (full 0):
 garbage-first heap   total 227328K, used 168799K [0x0000000080000000, 0x0000000100000000)
  region size 1024K, 73 young (74752K), 9 survivors (9216K)
 Metaspace       used 96820K, capacity 98901K, committed 99024K, reserved 1134592K
  class space    used 12293K, capacity 13111K, committed 13184K, reserved 1048576K
}
Event: 243.120 GC heap after
{Heap after GC invocations=67 (full 0):
 garbage-first heap   total 227328K, used 109358K [0x0000000080000000, 0x0000000100000000)
  region size 1024K, 8 young (8192K), 8 survivors (8192K)
 Metaspace       used 96820K, capacity 98901K, committed 99024K, reserved 1134592K
  class space    used 12293K, capacity 13111K, committed 13184K, reserved 1048576K
}
Event: 245.585 GC heap before
{Heap before GC invocations=67 (full 0):
 garbage-first heap   total 227328K, used 172846K [0x0000000080000000, 0x0000000100000000)
  region size 1024K, 71 young (72704K), 8 survivors (8192K)
 Metaspace       used 97647K, capacity 99744K, committed 99792K, reserved 1136640K
  class space    used 12377K, capacity 13178K, committed 13184K, reserved 1048576K
}
Event: 245.640 GC heap after
{Heap after GC invocations=68 (full 0):
 garbage-first heap   total 273408K, used 111170K [0x0000000080000000, 0x0000000100000000)
  region size 1024K, 5 young (5120K), 5 survivors (5120K)
 Metaspace       used 97647K, capacity 99744K, committed 99792K, reserved 1136640K
  class space    used 12377K, capacity 13178K, committed 13184K, reserved 1048576K
}
Event: 253.334 GC heap before
{Heap before GC invocations=69 (full 0):
 garbage-first heap   total 273408K, used 201282K [0x0000000080000000, 0x0000000100000000)
  region size 1024K, 94 young (96256K), 5 survivors (5120K)
 Metaspace       used 100449K, capacity 102504K, committed 102736K, reserved 1138688K
  class space    used 12714K, capacity 13522K, committed 13568K, reserved 1048576K
}
Event: 253.384 GC heap after
{Heap after GC invocations=70 (full 0):
 garbage-first heap   total 273408K, used 114244K [0x0000000080000000, 0x0000000100000000)
  region size 1024K, 8 young (8192K), 8 survivors (8192K)
 Metaspace       used 100449K, capacity 102504K, committed 102736K, reserved 1138688K
  class space    used 12714K, capacity 13522K, committed 13568K, reserved 1048576K
}
Event: 339.695 GC heap before
{Heap before GC invocations=70 (full 0):
 garbage-first heap   total 273408K, used 209476K [0x0000000080000000, 0x0000000100000000)
  region size 1024K, 102 young (104448K), 8 survivors (8192K)
 Metaspace       used 103390K, capacity 105642K, committed 105808K, reserved 1140736K
  class space    used 13131K, capacity 14038K, committed 14080K, reserved 1048576K
}
Event: 339.772 GC heap after
{Heap after GC invocations=71 (full 0):
 garbage-first heap   total 273408K, used 119865K [0x0000000080000000, 0x0000000100000000)
  region size 1024K, 10 young (10240K), 10 survivors (10240K)
 Metaspace       used 103390K, capacity 105642K, committed 105808K, reserved 1140736K
  class space    used 13131K, capacity 14038K, committed 14080K, reserved 1048576K
}

